2021-01-18 10:43:02.673 [restartedMain] INFO  o.s.b.d.env.DevToolsPropertyDefaultsPostProcessor - Devtools property defaults active! Set 'spring.devtools.add-properties' to 'false' to disable
2021-01-18 10:43:04.255 [restartedMain] INFO  com.hjc.blog.BlogApplication - The following profiles are active: default
2021-01-18 10:43:07.442 [restartedMain] INFO  o.s.d.r.config.RepositoryConfigurationDelegate - Multiple Spring Data modules found, entering strict repository configuration mode!
2021-01-18 10:43:07.448 [restartedMain] INFO  o.s.d.r.config.RepositoryConfigurationDelegate - Bootstrapping Spring Data Redis repositories in DEFAULT mode.
2021-01-18 10:43:07.519 [restartedMain] INFO  o.s.d.r.config.RepositoryConfigurationDelegate - Finished Spring Data repository scanning in 25ms. Found 0 Redis repository interfaces.
2021-01-18 10:43:08.013 [restartedMain] INFO  o.springframework.cloud.context.scope.GenericScope - BeanFactory id=3626e66b-7325-3e2e-9bf7-d1ecf16f8301
2021-01-18 10:43:09.371 [restartedMain] INFO  o.s.boot.web.embedded.tomcat.TomcatWebServer - Tomcat initialized with port(s): 9090 (http)
2021-01-18 10:43:09.388 [restartedMain] INFO  org.apache.coyote.http11.Http11NioProtocol - Initializing ProtocolHandler ["http-nio-9090"]
2021-01-18 10:43:09.388 [restartedMain] INFO  org.apache.catalina.core.StandardService - Starting service [Tomcat]
2021-01-18 10:43:09.389 [restartedMain] INFO  org.apache.catalina.core.StandardEngine - Starting Servlet engine: [Apache Tomcat/9.0.31]
2021-01-18 10:43:09.521 [restartedMain] INFO  o.a.c.core.ContainerBase.[Tomcat].[localhost].[/] - Initializing Spring embedded WebApplicationContext
2021-01-18 10:43:09.521 [restartedMain] INFO  org.springframework.web.context.ContextLoader - Root WebApplicationContext: initialization completed in 5209 ms
2021-01-18 10:43:12.017 [restartedMain] INFO  org.redisson.Version - Redisson 3.12.0
2021-01-18 10:43:12.447 [redisson-netty-2-19] INFO  org.redisson.connection.pool.MasterConnectionPool - 24 connections initialized for 127.0.0.1/127.0.0.1:6379
2021-01-18 10:43:12.449 [redisson-netty-2-18] INFO  o.r.connection.pool.MasterPubSubConnectionPool - 1 connections initialized for 127.0.0.1/127.0.0.1:6379
2021-01-18 10:43:12.583 [restartedMain] INFO  com.netflix.config.sources.URLConfigurationSource - To enable URLs as dynamic configuration sources, define System property archaius.configurationSource.additionalUrls or make config.properties available on classpath.
2021-01-18 10:43:12.591 [restartedMain] INFO  com.netflix.config.sources.URLConfigurationSource - To enable URLs as dynamic configuration sources, define System property archaius.configurationSource.additionalUrls or make config.properties available on classpath.
2021-01-18 10:43:12.921 [restartedMain] INFO  o.s.scheduling.concurrent.ThreadPoolTaskExecutor - Initializing ExecutorService 'applicationTaskExecutor'
2021-01-18 10:43:13.866 [restartedMain] INFO  o.s.b.d.autoconfigure.OptionalLiveReloadServer - LiveReload server is running on port 35729
2021-01-18 10:43:13.922 [restartedMain] INFO  o.s.b.actuate.endpoint.web.EndpointLinksResolver - Exposing 2 endpoint(s) beneath base path '/actuator'
2021-01-18 10:43:14.058 [restartedMain] INFO  org.apache.coyote.http11.Http11NioProtocol - Starting ProtocolHandler ["http-nio-9090"]
2021-01-18 10:43:14.081 [restartedMain] INFO  o.s.boot.web.embedded.tomcat.TomcatWebServer - Tomcat started on port(s): 9090 (http) with context path ''
2021-01-18 10:43:14.087 [restartedMain] INFO  com.hjc.blog.BlogApplication - Started BlogApplication in 13.016 seconds (JVM running for 16.988)
2021-01-18 10:43:14.705 [RMI TCP Connection(1)-192.168.100.175] INFO  o.a.c.core.ContainerBase.[Tomcat].[localhost].[/] - Initializing Spring DispatcherServlet 'dispatcherServlet'
2021-01-18 10:43:14.705 [RMI TCP Connection(1)-192.168.100.175] INFO  org.springframework.web.servlet.DispatcherServlet - Initializing Servlet 'dispatcherServlet'
2021-01-18 10:43:14.737 [RMI TCP Connection(1)-192.168.100.175] INFO  org.springframework.web.servlet.DispatcherServlet - Completed initialization in 31 ms
2021-01-18 10:43:14.781 [RMI TCP Connection(2)-192.168.100.175] INFO  com.alibaba.druid.pool.DruidDataSource - {dataSource-1} inited
2021-01-18 10:43:33.479 [http-nio-9090-exec-1] INFO  com.hjc.blog.interceptor.BaseInterceptor - UserAgent: Mozilla/5.0 (Macintosh; Intel Mac OS X 11_1_0) AppleWebKit/537.36 (KHTML, like Gecko) Chrome/87.0.4280.141 Safari/537.36
2021-01-18 10:43:33.481 [http-nio-9090-exec-1] INFO  com.hjc.blog.interceptor.BaseInterceptor - 用户访问地址: /admin/login, 来路地址: 0:0:0:0:0:0:0:1
2021-01-18 10:43:33.522 [http-nio-9090-exec-1] INFO  javax.sql.DataSource - URL : http://localhost:9090/admin/login,IP : 0:0:0:0:0:0:0:1,CLASS_METHOD : com.hjc.blog.controller.admin.AuthController.login,ARGS : []
2021-01-18 10:43:33.691 [http-nio-9090-exec-1] INFO  javax.sql.DataSource - RESPONSE : admin/login
2021-01-18 10:43:34.555 [http-nio-9090-exec-3] INFO  com.hjc.blog.interceptor.BaseInterceptor - UserAgent: Mozilla/5.0 (Macintosh; Intel Mac OS X 11_1_0) AppleWebKit/537.36 (KHTML, like Gecko) Chrome/87.0.4280.141 Safari/537.36
2021-01-18 10:43:34.555 [http-nio-9090-exec-3] INFO  com.hjc.blog.interceptor.BaseInterceptor - 用户访问地址: /admin/js/base.js;jsessionid=4A027AF4D04A62EC75268655064D9D88, 来路地址: 0:0:0:0:0:0:0:1
2021-01-18 10:43:34.558 [http-nio-9090-exec-2] INFO  com.hjc.blog.interceptor.BaseInterceptor - UserAgent: Mozilla/5.0 (Macintosh; Intel Mac OS X 11_1_0) AppleWebKit/537.36 (KHTML, like Gecko) Chrome/87.0.4280.141 Safari/537.36
2021-01-18 10:43:34.558 [http-nio-9090-exec-2] INFO  com.hjc.blog.interceptor.BaseInterceptor - 用户访问地址: /admin/css/style.min.css;jsessionid=4A027AF4D04A62EC75268655064D9D88, 来路地址: 0:0:0:0:0:0:0:1
2021-01-18 10:43:34.583 [http-nio-9090-exec-4] INFO  com.hjc.blog.interceptor.BaseInterceptor - UserAgent: Mozilla/5.0 (Macintosh; Intel Mac OS X 11_1_0) AppleWebKit/537.36 (KHTML, like Gecko) Chrome/87.0.4280.141 Safari/537.36
2021-01-18 10:43:34.583 [http-nio-9090-exec-4] INFO  com.hjc.blog.interceptor.BaseInterceptor - 用户访问地址: /admin/js/base.js;jsessionid=4A027AF4D04A62EC75268655064D9D88, 来路地址: 0:0:0:0:0:0:0:1
2021-01-18 10:43:34.586 [http-nio-9090-exec-5] INFO  com.hjc.blog.interceptor.BaseInterceptor - UserAgent: Mozilla/5.0 (Macintosh; Intel Mac OS X 11_1_0) AppleWebKit/537.36 (KHTML, like Gecko) Chrome/87.0.4280.141 Safari/537.36
2021-01-18 10:43:34.588 [http-nio-9090-exec-5] INFO  com.hjc.blog.interceptor.BaseInterceptor - 用户访问地址: /admin/css/style.min.css;jsessionid=4A027AF4D04A62EC75268655064D9D88, 来路地址: 0:0:0:0:0:0:0:1
2021-01-18 10:43:38.302 [http-nio-9090-exec-6] INFO  com.hjc.blog.interceptor.BaseInterceptor - UserAgent: Mozilla/5.0 (Macintosh; Intel Mac OS X 11_1_0) AppleWebKit/537.36 (KHTML, like Gecko) Chrome/87.0.4280.141 Safari/537.36
2021-01-18 10:43:38.303 [http-nio-9090-exec-6] INFO  com.hjc.blog.interceptor.BaseInterceptor - 用户访问地址: /admin/images/bg/5.png;jsessionid=4A027AF4D04A62EC75268655064D9D88, 来路地址: 0:0:0:0:0:0:0:1
2021-01-18 10:43:38.303 [http-nio-9090-exec-7] INFO  com.hjc.blog.interceptor.BaseInterceptor - UserAgent: Mozilla/5.0 (Macintosh; Intel Mac OS X 11_1_0) AppleWebKit/537.36 (KHTML, like Gecko) Chrome/87.0.4280.141 Safari/537.36
2021-01-18 10:43:38.303 [http-nio-9090-exec-7] INFO  com.hjc.blog.interceptor.BaseInterceptor - 用户访问地址: /admin/images/small/bg.jpg, 来路地址: 0:0:0:0:0:0:0:1
2021-01-18 10:43:38.409 [http-nio-9090-exec-8] INFO  com.hjc.blog.interceptor.BaseInterceptor - UserAgent: Mozilla/5.0 (Macintosh; Intel Mac OS X 11_1_0) AppleWebKit/537.36 (KHTML, like Gecko) Chrome/87.0.4280.141 Safari/537.36
2021-01-18 10:43:38.409 [http-nio-9090-exec-8] INFO  com.hjc.blog.interceptor.BaseInterceptor - 用户访问地址: /admin/images/favicon.png;jsessionid=4A027AF4D04A62EC75268655064D9D88, 来路地址: 0:0:0:0:0:0:0:1
2021-01-18 10:43:41.114 [http-nio-9090-exec-9] INFO  com.hjc.blog.interceptor.BaseInterceptor - UserAgent: Mozilla/5.0 (Macintosh; Intel Mac OS X 11_1_0) AppleWebKit/537.36 (KHTML, like Gecko) Chrome/87.0.4280.141 Safari/537.36
2021-01-18 10:43:41.114 [http-nio-9090-exec-9] INFO  com.hjc.blog.interceptor.BaseInterceptor - 用户访问地址: /admin/login, 来路地址: 0:0:0:0:0:0:0:1
2021-01-18 10:43:41.129 [http-nio-9090-exec-9] INFO  javax.sql.DataSource - URL : http://localhost:9090/admin/login,IP : 0:0:0:0:0:0:0:1,CLASS_METHOD : com.hjc.blog.controller.admin.AuthController.doLogin,ARGS : [hjc, 123, null, org.apache.catalina.connector.RequestFacade@a717c7b, com.alibaba.druid.support.http.WebStatFilter$StatHttpServletResponseWrapper@507d6c7b]
2021-01-18 10:43:41.202 [http-nio-9090-exec-9] INFO  javax.sql.DataSource - RESPONSE : RestResponseBo(payload=null, success=true, msg=null, code=-1, timestamp=1610937821)
2021-01-18 10:43:41.241 [http-nio-9090-exec-10] INFO  com.hjc.blog.interceptor.BaseInterceptor - UserAgent: Mozilla/5.0 (Macintosh; Intel Mac OS X 11_1_0) AppleWebKit/537.36 (KHTML, like Gecko) Chrome/87.0.4280.141 Safari/537.36
2021-01-18 10:43:41.241 [http-nio-9090-exec-10] INFO  com.hjc.blog.interceptor.BaseInterceptor - 用户访问地址: /admin/index, 来路地址: 0:0:0:0:0:0:0:1
2021-01-18 10:43:41.244 [http-nio-9090-exec-10] INFO  javax.sql.DataSource - URL : http://localhost:9090/admin/index,IP : 0:0:0:0:0:0:0:1,CLASS_METHOD : com.hjc.blog.controller.admin.IndexController.index,ARGS : [org.apache.catalina.connector.RequestFacade@a717c7b]
2021-01-18 10:43:41.253 [http-nio-9090-exec-10] INFO  com.hjc.blog.controller.admin.IndexController - Enter admin index method
2021-01-18 10:43:41.475 [http-nio-9090-exec-10] INFO  com.hjc.blog.controller.admin.IndexController - Exit admin index method
2021-01-18 10:43:41.485 [http-nio-9090-exec-10] INFO  javax.sql.DataSource - RESPONSE : admin/index
2021-01-18 10:43:41.688 [http-nio-9090-exec-1] INFO  com.hjc.blog.interceptor.BaseInterceptor - UserAgent: Mozilla/5.0 (Macintosh; Intel Mac OS X 11_1_0) AppleWebKit/537.36 (KHTML, like Gecko) Chrome/87.0.4280.141 Safari/537.36
2021-01-18 10:43:41.689 [http-nio-9090-exec-1] INFO  com.hjc.blog.interceptor.BaseInterceptor - 用户访问地址: /admin/images/logo.png, 来路地址: 0:0:0:0:0:0:0:1
2021-01-18 10:43:41.689 [http-nio-9090-exec-3] INFO  com.hjc.blog.interceptor.BaseInterceptor - UserAgent: Mozilla/5.0 (Macintosh; Intel Mac OS X 11_1_0) AppleWebKit/537.36 (KHTML, like Gecko) Chrome/87.0.4280.141 Safari/537.36
2021-01-18 10:43:41.689 [http-nio-9090-exec-3] INFO  com.hjc.blog.interceptor.BaseInterceptor - 用户访问地址: /admin/css/style.min.css, 来路地址: 0:0:0:0:0:0:0:1
2021-01-18 10:43:42.010 [http-nio-9090-exec-2] INFO  com.hjc.blog.interceptor.BaseInterceptor - UserAgent: Mozilla/5.0 (Macintosh; Intel Mac OS X 11_1_0) AppleWebKit/537.36 (KHTML, like Gecko) Chrome/87.0.4280.141 Safari/537.36
2021-01-18 10:43:42.011 [http-nio-9090-exec-2] INFO  com.hjc.blog.interceptor.BaseInterceptor - 用户访问地址: /admin/js/jquery.app.js, 来路地址: 0:0:0:0:0:0:0:1
2021-01-18 10:43:42.022 [http-nio-9090-exec-4] INFO  com.hjc.blog.interceptor.BaseInterceptor - UserAgent: Mozilla/5.0 (Macintosh; Intel Mac OS X 11_1_0) AppleWebKit/537.36 (KHTML, like Gecko) Chrome/87.0.4280.141 Safari/537.36
2021-01-18 10:43:42.022 [http-nio-9090-exec-4] INFO  com.hjc.blog.interceptor.BaseInterceptor - 用户访问地址: /admin/js/base.js, 来路地址: 0:0:0:0:0:0:0:1
2021-01-18 10:43:43.800 [http-nio-9090-exec-5] INFO  com.hjc.blog.interceptor.BaseInterceptor - UserAgent: Mozilla/5.0 (Macintosh; Intel Mac OS X 11_1_0) AppleWebKit/537.36 (KHTML, like Gecko) Chrome/87.0.4280.141 Safari/537.36
2021-01-18 10:43:43.800 [http-nio-9090-exec-5] INFO  com.hjc.blog.interceptor.BaseInterceptor - 用户访问地址: /admin/category, 来路地址: 0:0:0:0:0:0:0:1
2021-01-18 10:43:43.802 [http-nio-9090-exec-5] INFO  javax.sql.DataSource - URL : http://localhost:9090/admin/category,IP : 0:0:0:0:0:0:0:1,CLASS_METHOD : com.hjc.blog.controller.admin.CategoryController.index,ARGS : [org.apache.catalina.connector.RequestFacade@a717c7b]
2021-01-18 10:43:43.852 [http-nio-9090-exec-5] INFO  javax.sql.DataSource - RESPONSE : admin/category
2021-01-18 10:43:43.913 [http-nio-9090-exec-6] INFO  com.hjc.blog.interceptor.BaseInterceptor - UserAgent: Mozilla/5.0 (Macintosh; Intel Mac OS X 11_1_0) AppleWebKit/537.36 (KHTML, like Gecko) Chrome/87.0.4280.141 Safari/537.36
2021-01-18 10:43:43.913 [http-nio-9090-exec-6] INFO  com.hjc.blog.interceptor.BaseInterceptor - 用户访问地址: /admin/css/style.min.css, 来路地址: 0:0:0:0:0:0:0:1
2021-01-18 10:43:43.923 [http-nio-9090-exec-7] INFO  com.hjc.blog.interceptor.BaseInterceptor - UserAgent: Mozilla/5.0 (Macintosh; Intel Mac OS X 11_1_0) AppleWebKit/537.36 (KHTML, like Gecko) Chrome/87.0.4280.141 Safari/537.36
2021-01-18 10:43:43.923 [http-nio-9090-exec-7] INFO  com.hjc.blog.interceptor.BaseInterceptor - 用户访问地址: /admin/js/jquery.app.js, 来路地址: 0:0:0:0:0:0:0:1
2021-01-18 10:43:43.929 [http-nio-9090-exec-8] INFO  com.hjc.blog.interceptor.BaseInterceptor - UserAgent: Mozilla/5.0 (Macintosh; Intel Mac OS X 11_1_0) AppleWebKit/537.36 (KHTML, like Gecko) Chrome/87.0.4280.141 Safari/537.36
2021-01-18 10:43:43.929 [http-nio-9090-exec-8] INFO  com.hjc.blog.interceptor.BaseInterceptor - 用户访问地址: /admin/js/base.js, 来路地址: 0:0:0:0:0:0:0:1
2021-01-18 10:43:43.939 [http-nio-9090-exec-9] INFO  com.hjc.blog.interceptor.BaseInterceptor - UserAgent: Mozilla/5.0 (Macintosh; Intel Mac OS X 11_1_0) AppleWebKit/537.36 (KHTML, like Gecko) Chrome/87.0.4280.141 Safari/537.36
2021-01-18 10:43:43.939 [http-nio-9090-exec-9] INFO  com.hjc.blog.interceptor.BaseInterceptor - 用户访问地址: /admin/images/logo.png, 来路地址: 0:0:0:0:0:0:0:1
2021-01-18 10:45:01.375 [SpringContextShutdownHook] INFO  o.s.scheduling.concurrent.ThreadPoolTaskExecutor - Shutting down ExecutorService 'applicationTaskExecutor'
2021-01-18 10:45:01.567 [SpringContextShutdownHook] INFO  com.alibaba.druid.pool.DruidDataSource - {dataSource-1} closed
2021-01-18 10:45:09.347 [restartedMain] INFO  o.s.b.d.env.DevToolsPropertyDefaultsPostProcessor - Devtools property defaults active! Set 'spring.devtools.add-properties' to 'false' to disable
2021-01-18 10:45:11.037 [restartedMain] INFO  com.hjc.blog.BlogApplication - The following profiles are active: default
2021-01-18 10:45:14.145 [restartedMain] INFO  o.s.d.r.config.RepositoryConfigurationDelegate - Multiple Spring Data modules found, entering strict repository configuration mode!
2021-01-18 10:45:14.150 [restartedMain] INFO  o.s.d.r.config.RepositoryConfigurationDelegate - Bootstrapping Spring Data Redis repositories in DEFAULT mode.
2021-01-18 10:45:14.255 [restartedMain] INFO  o.s.d.r.config.RepositoryConfigurationDelegate - Finished Spring Data repository scanning in 65ms. Found 0 Redis repository interfaces.
2021-01-18 10:45:14.908 [restartedMain] INFO  o.springframework.cloud.context.scope.GenericScope - BeanFactory id=3626e66b-7325-3e2e-9bf7-d1ecf16f8301
2021-01-18 10:45:17.356 [restartedMain] INFO  o.s.boot.web.embedded.tomcat.TomcatWebServer - Tomcat initialized with port(s): 9090 (http)
2021-01-18 10:45:17.372 [restartedMain] INFO  org.apache.coyote.http11.Http11NioProtocol - Initializing ProtocolHandler ["http-nio-9090"]
2021-01-18 10:45:17.373 [restartedMain] INFO  org.apache.catalina.core.StandardService - Starting service [Tomcat]
2021-01-18 10:45:17.373 [restartedMain] INFO  org.apache.catalina.core.StandardEngine - Starting Servlet engine: [Apache Tomcat/9.0.31]
2021-01-18 10:45:17.541 [restartedMain] INFO  o.a.c.core.ContainerBase.[Tomcat].[localhost].[/] - Initializing Spring embedded WebApplicationContext
2021-01-18 10:45:17.541 [restartedMain] INFO  org.springframework.web.context.ContextLoader - Root WebApplicationContext: initialization completed in 6435 ms
2021-01-18 10:46:51.475 [restartedMain] INFO  o.s.b.d.env.DevToolsPropertyDefaultsPostProcessor - Devtools property defaults active! Set 'spring.devtools.add-properties' to 'false' to disable
2021-01-18 11:11:01.317 [restartedMain] INFO  o.s.b.d.env.DevToolsPropertyDefaultsPostProcessor - Devtools property defaults active! Set 'spring.devtools.add-properties' to 'false' to disable
2021-01-18 11:11:02.147 [restartedMain] INFO  com.hjc.blog.BlogApplication - The following profiles are active: default
2021-01-18 11:11:04.249 [restartedMain] INFO  o.s.d.r.config.RepositoryConfigurationDelegate - Multiple Spring Data modules found, entering strict repository configuration mode!
2021-01-18 11:11:04.253 [restartedMain] INFO  o.s.d.r.config.RepositoryConfigurationDelegate - Bootstrapping Spring Data Redis repositories in DEFAULT mode.
2021-01-18 11:11:04.325 [restartedMain] INFO  o.s.d.r.config.RepositoryConfigurationDelegate - Finished Spring Data repository scanning in 25ms. Found 0 Redis repository interfaces.
2021-01-18 11:11:04.875 [restartedMain] INFO  o.springframework.cloud.context.scope.GenericScope - BeanFactory id=3626e66b-7325-3e2e-9bf7-d1ecf16f8301
2021-01-18 11:11:06.618 [restartedMain] INFO  o.s.boot.web.embedded.tomcat.TomcatWebServer - Tomcat initialized with port(s): 9090 (http)
2021-01-18 11:11:06.638 [restartedMain] INFO  org.apache.coyote.http11.Http11NioProtocol - Initializing ProtocolHandler ["http-nio-9090"]
2021-01-18 11:11:06.638 [restartedMain] INFO  org.apache.catalina.core.StandardService - Starting service [Tomcat]
2021-01-18 11:11:06.639 [restartedMain] INFO  org.apache.catalina.core.StandardEngine - Starting Servlet engine: [Apache Tomcat/9.0.31]
2021-01-18 11:11:06.798 [restartedMain] INFO  o.a.c.core.ContainerBase.[Tomcat].[localhost].[/] - Initializing Spring embedded WebApplicationContext
2021-01-18 11:11:06.799 [restartedMain] INFO  org.springframework.web.context.ContextLoader - Root WebApplicationContext: initialization completed in 4600 ms
2021-01-18 11:11:54.008 [restartedMain] INFO  org.redisson.Version - Redisson 3.12.0
2021-01-18 11:11:54.831 [redisson-netty-2-10] INFO  o.r.connection.pool.MasterPubSubConnectionPool - 1 connections initialized for 127.0.0.1/127.0.0.1:6379
2021-01-18 11:11:54.847 [redisson-netty-2-17] INFO  org.redisson.connection.pool.MasterConnectionPool - 24 connections initialized for 127.0.0.1/127.0.0.1:6379
2021-01-18 11:11:55.123 [restartedMain] INFO  com.netflix.config.sources.URLConfigurationSource - To enable URLs as dynamic configuration sources, define System property archaius.configurationSource.additionalUrls or make config.properties available on classpath.
2021-01-18 11:11:55.132 [restartedMain] INFO  com.netflix.config.sources.URLConfigurationSource - To enable URLs as dynamic configuration sources, define System property archaius.configurationSource.additionalUrls or make config.properties available on classpath.
2021-01-18 11:11:55.794 [restartedMain] INFO  o.s.scheduling.concurrent.ThreadPoolTaskExecutor - Initializing ExecutorService 'applicationTaskExecutor'
2021-01-18 11:11:58.260 [restartedMain] INFO  o.s.b.d.autoconfigure.OptionalLiveReloadServer - LiveReload server is running on port 35729
2021-01-18 11:11:58.335 [restartedMain] INFO  o.s.b.actuate.endpoint.web.EndpointLinksResolver - Exposing 2 endpoint(s) beneath base path '/actuator'
2021-01-18 11:11:58.547 [restartedMain] INFO  org.apache.coyote.http11.Http11NioProtocol - Starting ProtocolHandler ["http-nio-9090"]
2021-01-18 11:11:58.591 [restartedMain] INFO  o.s.boot.web.embedded.tomcat.TomcatWebServer - Tomcat started on port(s): 9090 (http) with context path ''
2021-01-18 11:11:58.597 [restartedMain] INFO  com.hjc.blog.BlogApplication - Started BlogApplication in 58.731 seconds (JVM running for 63.059)
2021-01-18 11:11:59.028 [RMI TCP Connection(4)-192.168.100.175] INFO  o.a.c.core.ContainerBase.[Tomcat].[localhost].[/] - Initializing Spring DispatcherServlet 'dispatcherServlet'
2021-01-18 11:11:59.028 [RMI TCP Connection(4)-192.168.100.175] INFO  org.springframework.web.servlet.DispatcherServlet - Initializing Servlet 'dispatcherServlet'
2021-01-18 11:11:59.054 [RMI TCP Connection(4)-192.168.100.175] INFO  org.springframework.web.servlet.DispatcherServlet - Completed initialization in 26 ms
2021-01-18 11:11:59.118 [RMI TCP Connection(5)-192.168.100.175] INFO  com.alibaba.druid.pool.DruidDataSource - {dataSource-1} inited
2021-01-18 11:11:59.500 [SpringContextShutdownHook] INFO  o.s.scheduling.concurrent.ThreadPoolTaskExecutor - Shutting down ExecutorService 'applicationTaskExecutor'
2021-01-18 11:11:59.893 [SpringContextShutdownHook] INFO  com.alibaba.druid.pool.DruidDataSource - {dataSource-1} closed
2021-01-18 11:13:01.577 [restartedMain] INFO  o.s.b.d.env.DevToolsPropertyDefaultsPostProcessor - Devtools property defaults active! Set 'spring.devtools.add-properties' to 'false' to disable
2021-01-18 11:13:02.736 [restartedMain] INFO  com.hjc.blog.BlogApplication - The following profiles are active: default
2021-01-18 11:13:05.953 [restartedMain] INFO  o.s.d.r.config.RepositoryConfigurationDelegate - Multiple Spring Data modules found, entering strict repository configuration mode!
2021-01-18 11:13:05.957 [restartedMain] INFO  o.s.d.r.config.RepositoryConfigurationDelegate - Bootstrapping Spring Data Redis repositories in DEFAULT mode.
2021-01-18 11:13:06.015 [restartedMain] INFO  o.s.d.r.config.RepositoryConfigurationDelegate - Finished Spring Data repository scanning in 31ms. Found 0 Redis repository interfaces.
2021-01-18 11:13:06.444 [restartedMain] INFO  o.springframework.cloud.context.scope.GenericScope - BeanFactory id=3626e66b-7325-3e2e-9bf7-d1ecf16f8301
2021-01-18 11:13:07.579 [restartedMain] INFO  o.s.boot.web.embedded.tomcat.TomcatWebServer - Tomcat initialized with port(s): 9090 (http)
2021-01-18 11:13:07.587 [restartedMain] INFO  org.apache.coyote.http11.Http11NioProtocol - Initializing ProtocolHandler ["http-nio-9090"]
2021-01-18 11:13:07.588 [restartedMain] INFO  org.apache.catalina.core.StandardService - Starting service [Tomcat]
2021-01-18 11:13:07.588 [restartedMain] INFO  org.apache.catalina.core.StandardEngine - Starting Servlet engine: [Apache Tomcat/9.0.31]
2021-01-18 11:13:07.678 [restartedMain] INFO  o.a.c.core.ContainerBase.[Tomcat].[localhost].[/] - Initializing Spring embedded WebApplicationContext
2021-01-18 11:13:07.678 [restartedMain] INFO  org.springframework.web.context.ContextLoader - Root WebApplicationContext: initialization completed in 4889 ms
2021-01-18 11:13:09.784 [restartedMain] INFO  org.redisson.Version - Redisson 3.12.0
2021-01-18 11:13:10.100 [redisson-netty-2-14] INFO  o.r.connection.pool.MasterPubSubConnectionPool - 1 connections initialized for 127.0.0.1/127.0.0.1:6379
2021-01-18 11:13:10.109 [redisson-netty-2-15] INFO  org.redisson.connection.pool.MasterConnectionPool - 24 connections initialized for 127.0.0.1/127.0.0.1:6379
2021-01-18 11:13:10.229 [restartedMain] INFO  com.netflix.config.sources.URLConfigurationSource - To enable URLs as dynamic configuration sources, define System property archaius.configurationSource.additionalUrls or make config.properties available on classpath.
2021-01-18 11:13:10.234 [restartedMain] INFO  com.netflix.config.sources.URLConfigurationSource - To enable URLs as dynamic configuration sources, define System property archaius.configurationSource.additionalUrls or make config.properties available on classpath.
2021-01-18 11:13:10.600 [restartedMain] INFO  o.s.scheduling.concurrent.ThreadPoolTaskExecutor - Initializing ExecutorService 'applicationTaskExecutor'
2021-01-18 11:13:11.495 [restartedMain] INFO  o.s.b.d.autoconfigure.OptionalLiveReloadServer - LiveReload server is running on port 35729
2021-01-18 11:13:11.554 [restartedMain] INFO  o.s.b.actuate.endpoint.web.EndpointLinksResolver - Exposing 2 endpoint(s) beneath base path '/actuator'
2021-01-18 11:13:11.783 [restartedMain] INFO  org.apache.coyote.http11.Http11NioProtocol - Starting ProtocolHandler ["http-nio-9090"]
2021-01-18 11:13:11.801 [restartedMain] INFO  o.s.boot.web.embedded.tomcat.TomcatWebServer - Tomcat started on port(s): 9090 (http) with context path ''
2021-01-18 11:13:11.807 [restartedMain] INFO  com.hjc.blog.BlogApplication - Started BlogApplication in 11.665 seconds (JVM running for 16.129)
2021-01-18 11:13:12.310 [RMI TCP Connection(2)-192.168.100.175] INFO  o.a.c.core.ContainerBase.[Tomcat].[localhost].[/] - Initializing Spring DispatcherServlet 'dispatcherServlet'
2021-01-18 11:13:12.311 [RMI TCP Connection(2)-192.168.100.175] INFO  org.springframework.web.servlet.DispatcherServlet - Initializing Servlet 'dispatcherServlet'
2021-01-18 11:13:12.331 [RMI TCP Connection(2)-192.168.100.175] INFO  org.springframework.web.servlet.DispatcherServlet - Completed initialization in 20 ms
2021-01-18 11:13:12.357 [RMI TCP Connection(1)-192.168.100.175] INFO  com.alibaba.druid.pool.DruidDataSource - {dataSource-1} inited
2021-01-18 11:13:49.546 [http-nio-9090-exec-1] INFO  com.hjc.blog.interceptor.BaseInterceptor - UserAgent: Mozilla/5.0 (Macintosh; Intel Mac OS X 11_1_0) AppleWebKit/537.36 (KHTML, like Gecko) Chrome/87.0.4280.141 Safari/537.36
2021-01-18 11:13:49.547 [http-nio-9090-exec-1] INFO  com.hjc.blog.interceptor.BaseInterceptor - 用户访问地址: /admin/category, 来路地址: 0:0:0:0:0:0:0:1
2021-01-18 11:13:49.577 [http-nio-9090-exec-2] INFO  com.hjc.blog.interceptor.BaseInterceptor - UserAgent: Mozilla/5.0 (Macintosh; Intel Mac OS X 11_1_0) AppleWebKit/537.36 (KHTML, like Gecko) Chrome/87.0.4280.141 Safari/537.36
2021-01-18 11:13:49.577 [http-nio-9090-exec-2] INFO  com.hjc.blog.interceptor.BaseInterceptor - 用户访问地址: /admin/login, 来路地址: 0:0:0:0:0:0:0:1
2021-01-18 11:13:49.598 [http-nio-9090-exec-2] INFO  javax.sql.DataSource - URL : http://localhost:9090/admin/login,IP : 0:0:0:0:0:0:0:1,CLASS_METHOD : com.hjc.blog.controller.admin.AuthController.login,ARGS : []
2021-01-18 11:13:49.749 [http-nio-9090-exec-2] INFO  javax.sql.DataSource - RESPONSE : admin/login
2021-01-18 11:13:50.420 [http-nio-9090-exec-3] INFO  com.hjc.blog.interceptor.BaseInterceptor - UserAgent: Mozilla/5.0 (Macintosh; Intel Mac OS X 11_1_0) AppleWebKit/537.36 (KHTML, like Gecko) Chrome/87.0.4280.141 Safari/537.36
2021-01-18 11:13:50.420 [http-nio-9090-exec-3] INFO  com.hjc.blog.interceptor.BaseInterceptor - 用户访问地址: /admin/css/style.min.css, 来路地址: 0:0:0:0:0:0:0:1
2021-01-18 11:13:50.425 [http-nio-9090-exec-4] INFO  com.hjc.blog.interceptor.BaseInterceptor - UserAgent: Mozilla/5.0 (Macintosh; Intel Mac OS X 11_1_0) AppleWebKit/537.36 (KHTML, like Gecko) Chrome/87.0.4280.141 Safari/537.36
2021-01-18 11:13:50.425 [http-nio-9090-exec-4] INFO  com.hjc.blog.interceptor.BaseInterceptor - 用户访问地址: /admin/js/base.js, 来路地址: 0:0:0:0:0:0:0:1
2021-01-18 11:13:50.491 [http-nio-9090-exec-5] INFO  com.hjc.blog.interceptor.BaseInterceptor - UserAgent: Mozilla/5.0 (Macintosh; Intel Mac OS X 11_1_0) AppleWebKit/537.36 (KHTML, like Gecko) Chrome/87.0.4280.141 Safari/537.36
2021-01-18 11:13:50.491 [http-nio-9090-exec-5] INFO  com.hjc.blog.interceptor.BaseInterceptor - 用户访问地址: /admin/images/bg/4.png, 来路地址: 0:0:0:0:0:0:0:1
2021-01-18 11:13:50.519 [http-nio-9090-exec-6] INFO  com.hjc.blog.interceptor.BaseInterceptor - UserAgent: Mozilla/5.0 (Macintosh; Intel Mac OS X 11_1_0) AppleWebKit/537.36 (KHTML, like Gecko) Chrome/87.0.4280.141 Safari/537.36
2021-01-18 11:13:50.519 [http-nio-9090-exec-6] INFO  com.hjc.blog.interceptor.BaseInterceptor - 用户访问地址: /admin/images/small/bg.jpg, 来路地址: 0:0:0:0:0:0:0:1
2021-01-18 11:13:55.142 [http-nio-9090-exec-7] INFO  com.hjc.blog.interceptor.BaseInterceptor - UserAgent: Mozilla/5.0 (Macintosh; Intel Mac OS X 11_1_0) AppleWebKit/537.36 (KHTML, like Gecko) Chrome/87.0.4280.141 Safari/537.36
2021-01-18 11:13:55.143 [http-nio-9090-exec-7] INFO  com.hjc.blog.interceptor.BaseInterceptor - 用户访问地址: /admin/login, 来路地址: 0:0:0:0:0:0:0:1
2021-01-18 11:13:55.155 [http-nio-9090-exec-7] INFO  javax.sql.DataSource - URL : http://localhost:9090/admin/login,IP : 0:0:0:0:0:0:0:1,CLASS_METHOD : com.hjc.blog.controller.admin.AuthController.doLogin,ARGS : [hjc, 123, null, org.apache.catalina.connector.RequestFacade@51988b81, com.alibaba.druid.support.http.WebStatFilter$StatHttpServletResponseWrapper@212e3b35]
2021-01-18 11:13:55.211 [http-nio-9090-exec-7] INFO  javax.sql.DataSource - RESPONSE : RestResponseBo(payload=null, success=true, msg=null, code=-1, timestamp=1610939635)
2021-01-18 11:13:55.244 [http-nio-9090-exec-8] INFO  com.hjc.blog.interceptor.BaseInterceptor - UserAgent: Mozilla/5.0 (Macintosh; Intel Mac OS X 11_1_0) AppleWebKit/537.36 (KHTML, like Gecko) Chrome/87.0.4280.141 Safari/537.36
2021-01-18 11:13:55.244 [http-nio-9090-exec-8] INFO  com.hjc.blog.interceptor.BaseInterceptor - 用户访问地址: /admin/index, 来路地址: 0:0:0:0:0:0:0:1
2021-01-18 11:13:55.245 [http-nio-9090-exec-8] INFO  javax.sql.DataSource - URL : http://localhost:9090/admin/index,IP : 0:0:0:0:0:0:0:1,CLASS_METHOD : com.hjc.blog.controller.admin.IndexController.index,ARGS : [org.apache.catalina.connector.RequestFacade@51988b81]
2021-01-18 11:13:55.250 [http-nio-9090-exec-8] INFO  com.hjc.blog.controller.admin.IndexController - Enter admin index method
2021-01-18 11:13:55.409 [http-nio-9090-exec-8] INFO  com.hjc.blog.controller.admin.IndexController - Exit admin index method
2021-01-18 11:13:55.423 [http-nio-9090-exec-8] INFO  javax.sql.DataSource - RESPONSE : admin/index
2021-01-18 11:13:55.586 [http-nio-9090-exec-9] INFO  com.hjc.blog.interceptor.BaseInterceptor - UserAgent: Mozilla/5.0 (Macintosh; Intel Mac OS X 11_1_0) AppleWebKit/537.36 (KHTML, like Gecko) Chrome/87.0.4280.141 Safari/537.36
2021-01-18 11:13:55.586 [http-nio-9090-exec-9] INFO  com.hjc.blog.interceptor.BaseInterceptor - 用户访问地址: /admin/css/style.min.css, 来路地址: 0:0:0:0:0:0:0:1
2021-01-18 11:13:55.589 [http-nio-9090-exec-10] INFO  com.hjc.blog.interceptor.BaseInterceptor - UserAgent: Mozilla/5.0 (Macintosh; Intel Mac OS X 11_1_0) AppleWebKit/537.36 (KHTML, like Gecko) Chrome/87.0.4280.141 Safari/537.36
2021-01-18 11:13:55.589 [http-nio-9090-exec-10] INFO  com.hjc.blog.interceptor.BaseInterceptor - 用户访问地址: /admin/images/logo.png, 来路地址: 0:0:0:0:0:0:0:1
2021-01-18 11:13:55.890 [http-nio-9090-exec-1] INFO  com.hjc.blog.interceptor.BaseInterceptor - UserAgent: Mozilla/5.0 (Macintosh; Intel Mac OS X 11_1_0) AppleWebKit/537.36 (KHTML, like Gecko) Chrome/87.0.4280.141 Safari/537.36
2021-01-18 11:13:55.891 [http-nio-9090-exec-1] INFO  com.hjc.blog.interceptor.BaseInterceptor - 用户访问地址: /admin/js/jquery.app.js, 来路地址: 0:0:0:0:0:0:0:1
2021-01-18 11:13:55.891 [http-nio-9090-exec-2] INFO  com.hjc.blog.interceptor.BaseInterceptor - UserAgent: Mozilla/5.0 (Macintosh; Intel Mac OS X 11_1_0) AppleWebKit/537.36 (KHTML, like Gecko) Chrome/87.0.4280.141 Safari/537.36
2021-01-18 11:13:55.891 [http-nio-9090-exec-2] INFO  com.hjc.blog.interceptor.BaseInterceptor - 用户访问地址: /admin/js/base.js, 来路地址: 0:0:0:0:0:0:0:1
2021-01-18 11:13:57.211 [http-nio-9090-exec-3] INFO  com.hjc.blog.interceptor.BaseInterceptor - UserAgent: Mozilla/5.0 (Macintosh; Intel Mac OS X 11_1_0) AppleWebKit/537.36 (KHTML, like Gecko) Chrome/87.0.4280.141 Safari/537.36
2021-01-18 11:13:57.212 [http-nio-9090-exec-3] INFO  com.hjc.blog.interceptor.BaseInterceptor - 用户访问地址: /admin/category, 来路地址: 0:0:0:0:0:0:0:1
2021-01-18 11:13:57.213 [http-nio-9090-exec-3] INFO  javax.sql.DataSource - URL : http://localhost:9090/admin/category,IP : 0:0:0:0:0:0:0:1,CLASS_METHOD : com.hjc.blog.controller.admin.CategoryController.index,ARGS : [org.apache.catalina.connector.RequestFacade@51988b81]
2021-01-18 11:13:57.271 [http-nio-9090-exec-3] INFO  javax.sql.DataSource - RESPONSE : admin/category
2021-01-18 11:13:57.344 [http-nio-9090-exec-4] INFO  com.hjc.blog.interceptor.BaseInterceptor - UserAgent: Mozilla/5.0 (Macintosh; Intel Mac OS X 11_1_0) AppleWebKit/537.36 (KHTML, like Gecko) Chrome/87.0.4280.141 Safari/537.36
2021-01-18 11:13:57.344 [http-nio-9090-exec-4] INFO  com.hjc.blog.interceptor.BaseInterceptor - 用户访问地址: /admin/images/logo.png, 来路地址: 0:0:0:0:0:0:0:1
2021-01-18 11:13:57.349 [http-nio-9090-exec-6] INFO  com.hjc.blog.interceptor.BaseInterceptor - UserAgent: Mozilla/5.0 (Macintosh; Intel Mac OS X 11_1_0) AppleWebKit/537.36 (KHTML, like Gecko) Chrome/87.0.4280.141 Safari/537.36
2021-01-18 11:13:57.349 [http-nio-9090-exec-6] INFO  com.hjc.blog.interceptor.BaseInterceptor - 用户访问地址: /admin/css/style.min.css, 来路地址: 0:0:0:0:0:0:0:1
2021-01-18 11:13:57.360 [http-nio-9090-exec-5] INFO  com.hjc.blog.interceptor.BaseInterceptor - UserAgent: Mozilla/5.0 (Macintosh; Intel Mac OS X 11_1_0) AppleWebKit/537.36 (KHTML, like Gecko) Chrome/87.0.4280.141 Safari/537.36
2021-01-18 11:13:57.361 [http-nio-9090-exec-5] INFO  com.hjc.blog.interceptor.BaseInterceptor - 用户访问地址: /admin/js/base.js, 来路地址: 0:0:0:0:0:0:0:1
2021-01-18 11:13:57.375 [http-nio-9090-exec-4] INFO  com.hjc.blog.interceptor.BaseInterceptor - UserAgent: Mozilla/5.0 (Macintosh; Intel Mac OS X 11_1_0) AppleWebKit/537.36 (KHTML, like Gecko) Chrome/87.0.4280.141 Safari/537.36
2021-01-18 11:13:57.375 [http-nio-9090-exec-4] INFO  com.hjc.blog.interceptor.BaseInterceptor - 用户访问地址: /admin/js/jquery.app.js, 来路地址: 0:0:0:0:0:0:0:1
2021-01-18 11:14:31.770 [SpringContextShutdownHook] INFO  o.s.scheduling.concurrent.ThreadPoolTaskExecutor - Shutting down ExecutorService 'applicationTaskExecutor'
2021-01-18 11:14:31.998 [SpringContextShutdownHook] INFO  com.alibaba.druid.pool.DruidDataSource - {dataSource-1} closed
2021-01-18 11:14:44.505 [restartedMain] INFO  o.s.b.d.env.DevToolsPropertyDefaultsPostProcessor - Devtools property defaults active! Set 'spring.devtools.add-properties' to 'false' to disable
2021-01-18 11:14:45.293 [restartedMain] INFO  com.hjc.blog.BlogApplication - The following profiles are active: default
2021-01-18 11:14:46.545 [restartedMain] INFO  o.s.d.r.config.RepositoryConfigurationDelegate - Multiple Spring Data modules found, entering strict repository configuration mode!
2021-01-18 11:14:46.548 [restartedMain] INFO  o.s.d.r.config.RepositoryConfigurationDelegate - Bootstrapping Spring Data Redis repositories in DEFAULT mode.
2021-01-18 11:14:46.619 [restartedMain] INFO  o.s.d.r.config.RepositoryConfigurationDelegate - Finished Spring Data repository scanning in 49ms. Found 0 Redis repository interfaces.
2021-01-18 11:14:46.968 [restartedMain] INFO  o.springframework.cloud.context.scope.GenericScope - BeanFactory id=3626e66b-7325-3e2e-9bf7-d1ecf16f8301
2021-01-18 11:14:47.958 [restartedMain] INFO  o.s.boot.web.embedded.tomcat.TomcatWebServer - Tomcat initialized with port(s): 9090 (http)
2021-01-18 11:14:47.966 [restartedMain] INFO  org.apache.coyote.http11.Http11NioProtocol - Initializing ProtocolHandler ["http-nio-9090"]
2021-01-18 11:14:47.967 [restartedMain] INFO  org.apache.catalina.core.StandardService - Starting service [Tomcat]
2021-01-18 11:14:47.967 [restartedMain] INFO  org.apache.catalina.core.StandardEngine - Starting Servlet engine: [Apache Tomcat/9.0.31]
2021-01-18 11:14:48.056 [restartedMain] INFO  o.a.c.core.ContainerBase.[Tomcat].[localhost].[/] - Initializing Spring embedded WebApplicationContext
2021-01-18 11:14:48.057 [restartedMain] INFO  org.springframework.web.context.ContextLoader - Root WebApplicationContext: initialization completed in 2741 ms
2021-01-18 11:14:50.103 [restartedMain] INFO  org.redisson.Version - Redisson 3.12.0
2021-01-18 11:14:50.437 [redisson-netty-2-1] INFO  o.r.connection.pool.MasterPubSubConnectionPool - 1 connections initialized for 127.0.0.1/127.0.0.1:6379
2021-01-18 11:14:50.438 [redisson-netty-2-19] INFO  org.redisson.connection.pool.MasterConnectionPool - 24 connections initialized for 127.0.0.1/127.0.0.1:6379
2021-01-18 11:14:50.572 [restartedMain] INFO  com.netflix.config.sources.URLConfigurationSource - To enable URLs as dynamic configuration sources, define System property archaius.configurationSource.additionalUrls or make config.properties available on classpath.
2021-01-18 11:14:50.584 [restartedMain] INFO  com.netflix.config.sources.URLConfigurationSource - To enable URLs as dynamic configuration sources, define System property archaius.configurationSource.additionalUrls or make config.properties available on classpath.
2021-01-18 11:14:50.903 [restartedMain] INFO  o.s.scheduling.concurrent.ThreadPoolTaskExecutor - Initializing ExecutorService 'applicationTaskExecutor'
2021-01-18 11:14:52.136 [restartedMain] INFO  o.s.b.d.autoconfigure.OptionalLiveReloadServer - LiveReload server is running on port 35729
2021-01-18 11:14:52.204 [restartedMain] INFO  o.s.b.actuate.endpoint.web.EndpointLinksResolver - Exposing 2 endpoint(s) beneath base path '/actuator'
2021-01-18 11:14:52.335 [restartedMain] INFO  org.apache.coyote.http11.Http11NioProtocol - Starting ProtocolHandler ["http-nio-9090"]
2021-01-18 11:14:52.749 [restartedMain] INFO  o.s.boot.web.embedded.tomcat.TomcatWebServer - Tomcat started on port(s): 9090 (http) with context path ''
2021-01-18 11:14:52.762 [restartedMain] INFO  com.hjc.blog.BlogApplication - Started BlogApplication in 8.895 seconds (JVM running for 11.583)
2021-01-18 11:14:52.831 [http-nio-9090-exec-1] INFO  o.a.c.core.ContainerBase.[Tomcat].[localhost].[/] - Initializing Spring DispatcherServlet 'dispatcherServlet'
2021-01-18 11:14:52.831 [http-nio-9090-exec-1] INFO  org.springframework.web.servlet.DispatcherServlet - Initializing Servlet 'dispatcherServlet'
2021-01-18 11:14:52.867 [http-nio-9090-exec-1] INFO  org.springframework.web.servlet.DispatcherServlet - Completed initialization in 36 ms
2021-01-18 11:14:52.967 [http-nio-9090-exec-1] INFO  com.hjc.blog.interceptor.BaseInterceptor - UserAgent: Mozilla/5.0 (Macintosh; Intel Mac OS X 11_1_0) AppleWebKit/537.36 (KHTML, like Gecko) Chrome/87.0.4280.141 Safari/537.36
2021-01-18 11:14:52.974 [http-nio-9090-exec-1] INFO  com.hjc.blog.interceptor.BaseInterceptor - 用户访问地址: /admin/category, 来路地址: 0:0:0:0:0:0:0:1
2021-01-18 11:14:53.023 [RMI TCP Connection(3)-127.0.0.1] INFO  com.alibaba.druid.pool.DruidDataSource - {dataSource-1} inited
2021-01-18 11:14:53.031 [http-nio-9090-exec-1] INFO  javax.sql.DataSource - URL : http://localhost:9090/admin/category,IP : 0:0:0:0:0:0:0:1,CLASS_METHOD : com.hjc.blog.controller.admin.CategoryController.index,ARGS : [org.apache.catalina.connector.RequestFacade@7cd14824]
2021-01-18 11:14:53.437 [http-nio-9090-exec-1] INFO  javax.sql.DataSource - RESPONSE : admin/category
2021-01-18 11:14:54.120 [http-nio-9090-exec-5] INFO  com.hjc.blog.interceptor.BaseInterceptor - UserAgent: Mozilla/5.0 (Macintosh; Intel Mac OS X 11_1_0) AppleWebKit/537.36 (KHTML, like Gecko) Chrome/87.0.4280.141 Safari/537.36
2021-01-18 11:14:54.120 [http-nio-9090-exec-5] INFO  com.hjc.blog.interceptor.BaseInterceptor - 用户访问地址: /admin/images/logo.png, 来路地址: 0:0:0:0:0:0:0:1
2021-01-18 11:14:54.120 [http-nio-9090-exec-2] INFO  com.hjc.blog.interceptor.BaseInterceptor - UserAgent: Mozilla/5.0 (Macintosh; Intel Mac OS X 11_1_0) AppleWebKit/537.36 (KHTML, like Gecko) Chrome/87.0.4280.141 Safari/537.36
2021-01-18 11:14:54.121 [http-nio-9090-exec-2] INFO  com.hjc.blog.interceptor.BaseInterceptor - 用户访问地址: /admin/css/style.min.css, 来路地址: 0:0:0:0:0:0:0:1
2021-01-18 11:14:54.122 [http-nio-9090-exec-3] INFO  com.hjc.blog.interceptor.BaseInterceptor - UserAgent: Mozilla/5.0 (Macintosh; Intel Mac OS X 11_1_0) AppleWebKit/537.36 (KHTML, like Gecko) Chrome/87.0.4280.141 Safari/537.36
2021-01-18 11:14:54.122 [http-nio-9090-exec-3] INFO  com.hjc.blog.interceptor.BaseInterceptor - 用户访问地址: /admin/js/jquery.app.js, 来路地址: 0:0:0:0:0:0:0:1
2021-01-18 11:14:54.123 [http-nio-9090-exec-4] INFO  com.hjc.blog.interceptor.BaseInterceptor - UserAgent: Mozilla/5.0 (Macintosh; Intel Mac OS X 11_1_0) AppleWebKit/537.36 (KHTML, like Gecko) Chrome/87.0.4280.141 Safari/537.36
2021-01-18 11:14:54.123 [http-nio-9090-exec-4] INFO  com.hjc.blog.interceptor.BaseInterceptor - 用户访问地址: /admin/js/base.js, 来路地址: 0:0:0:0:0:0:0:1
2021-01-18 11:14:54.312 [http-nio-9090-exec-6] INFO  com.hjc.blog.interceptor.BaseInterceptor - UserAgent: Mozilla/5.0 (Macintosh; Intel Mac OS X 11_1_0) AppleWebKit/537.36 (KHTML, like Gecko) Chrome/87.0.4280.141 Safari/537.36
2021-01-18 11:14:54.312 [http-nio-9090-exec-6] INFO  com.hjc.blog.interceptor.BaseInterceptor - 用户访问地址: /admin/images/favicon.png, 来路地址: 0:0:0:0:0:0:0:1
2021-01-18 13:24:41.866 [SpringContextShutdownHook] INFO  o.s.scheduling.concurrent.ThreadPoolTaskExecutor - Shutting down ExecutorService 'applicationTaskExecutor'
2021-01-18 13:24:42.121 [SpringContextShutdownHook] INFO  com.alibaba.druid.pool.DruidDataSource - {dataSource-1} closed
2021-01-18 14:19:53.374 [restartedMain] INFO  o.s.b.d.env.DevToolsPropertyDefaultsPostProcessor - Devtools property defaults active! Set 'spring.devtools.add-properties' to 'false' to disable
2021-01-18 14:19:54.422 [restartedMain] INFO  com.hjc.blog.BlogApplication - The following profiles are active: default
2021-01-18 14:19:56.185 [restartedMain] INFO  o.s.d.r.config.RepositoryConfigurationDelegate - Multiple Spring Data modules found, entering strict repository configuration mode!
2021-01-18 14:19:56.190 [restartedMain] INFO  o.s.d.r.config.RepositoryConfigurationDelegate - Bootstrapping Spring Data Redis repositories in DEFAULT mode.
2021-01-18 14:19:56.258 [restartedMain] INFO  o.s.d.r.config.RepositoryConfigurationDelegate - Finished Spring Data repository scanning in 33ms. Found 0 Redis repository interfaces.
2021-01-18 14:19:56.656 [restartedMain] INFO  o.springframework.cloud.context.scope.GenericScope - BeanFactory id=3626e66b-7325-3e2e-9bf7-d1ecf16f8301
2021-01-18 14:19:58.258 [restartedMain] INFO  o.s.boot.web.embedded.tomcat.TomcatWebServer - Tomcat initialized with port(s): 9090 (http)
2021-01-18 14:19:58.280 [restartedMain] INFO  org.apache.coyote.http11.Http11NioProtocol - Initializing ProtocolHandler ["http-nio-9090"]
2021-01-18 14:19:58.281 [restartedMain] INFO  org.apache.catalina.core.StandardService - Starting service [Tomcat]
2021-01-18 14:19:58.281 [restartedMain] INFO  org.apache.catalina.core.StandardEngine - Starting Servlet engine: [Apache Tomcat/9.0.31]
2021-01-18 14:19:58.408 [restartedMain] INFO  o.a.c.core.ContainerBase.[Tomcat].[localhost].[/] - Initializing Spring embedded WebApplicationContext
2021-01-18 14:19:58.408 [restartedMain] INFO  org.springframework.web.context.ContextLoader - Root WebApplicationContext: initialization completed in 3938 ms
2021-01-18 14:20:36.213 [restartedMain] INFO  org.redisson.Version - Redisson 3.12.0
2021-01-18 14:20:36.804 [redisson-netty-2-27] INFO  o.r.connection.pool.MasterPubSubConnectionPool - 1 connections initialized for 127.0.0.1/127.0.0.1:6379
2021-01-18 14:20:36.823 [redisson-netty-2-1] INFO  org.redisson.connection.pool.MasterConnectionPool - 24 connections initialized for 127.0.0.1/127.0.0.1:6379
2021-01-18 14:20:37.258 [restartedMain] INFO  com.netflix.config.sources.URLConfigurationSource - To enable URLs as dynamic configuration sources, define System property archaius.configurationSource.additionalUrls or make config.properties available on classpath.
2021-01-18 14:20:37.266 [restartedMain] INFO  com.netflix.config.sources.URLConfigurationSource - To enable URLs as dynamic configuration sources, define System property archaius.configurationSource.additionalUrls or make config.properties available on classpath.
2021-01-18 14:20:37.558 [restartedMain] INFO  o.s.scheduling.concurrent.ThreadPoolTaskExecutor - Initializing ExecutorService 'applicationTaskExecutor'
2021-01-18 14:20:38.969 [restartedMain] INFO  o.s.b.d.autoconfigure.OptionalLiveReloadServer - LiveReload server is running on port 35729
2021-01-18 14:20:39.025 [restartedMain] INFO  o.s.b.actuate.endpoint.web.EndpointLinksResolver - Exposing 2 endpoint(s) beneath base path '/actuator'
2021-01-18 14:20:39.169 [restartedMain] INFO  org.apache.coyote.http11.Http11NioProtocol - Starting ProtocolHandler ["http-nio-9090"]
2021-01-18 14:20:39.194 [restartedMain] INFO  o.s.boot.web.embedded.tomcat.TomcatWebServer - Tomcat started on port(s): 9090 (http) with context path ''
2021-01-18 14:20:39.205 [restartedMain] INFO  com.hjc.blog.BlogApplication - Started BlogApplication in 46.713 seconds (JVM running for 49.087)
2021-01-18 14:20:39.400 [RMI TCP Connection(3)-127.0.0.1] INFO  o.a.c.core.ContainerBase.[Tomcat].[localhost].[/] - Initializing Spring DispatcherServlet 'dispatcherServlet'
2021-01-18 14:20:39.401 [RMI TCP Connection(3)-127.0.0.1] INFO  org.springframework.web.servlet.DispatcherServlet - Initializing Servlet 'dispatcherServlet'
2021-01-18 14:20:39.427 [RMI TCP Connection(3)-127.0.0.1] INFO  org.springframework.web.servlet.DispatcherServlet - Completed initialization in 26 ms
2021-01-18 14:20:39.465 [RMI TCP Connection(1)-127.0.0.1] INFO  com.alibaba.druid.pool.DruidDataSource - {dataSource-1} inited
2021-01-18 14:20:49.432 [http-nio-9090-exec-1] INFO  com.hjc.blog.interceptor.BaseInterceptor - UserAgent: Mozilla/5.0 (Macintosh; Intel Mac OS X 11_1_0) AppleWebKit/537.36 (KHTML, like Gecko) Chrome/87.0.4280.141 Safari/537.36
2021-01-18 14:20:49.433 [http-nio-9090-exec-1] INFO  com.hjc.blog.interceptor.BaseInterceptor - 用户访问地址: /admin/category, 来路地址: 0:0:0:0:0:0:0:1
2021-01-18 14:20:49.488 [http-nio-9090-exec-2] INFO  com.hjc.blog.interceptor.BaseInterceptor - UserAgent: Mozilla/5.0 (Macintosh; Intel Mac OS X 11_1_0) AppleWebKit/537.36 (KHTML, like Gecko) Chrome/87.0.4280.141 Safari/537.36
2021-01-18 14:20:49.488 [http-nio-9090-exec-2] INFO  com.hjc.blog.interceptor.BaseInterceptor - 用户访问地址: /admin/login, 来路地址: 0:0:0:0:0:0:0:1
2021-01-18 14:20:49.532 [http-nio-9090-exec-2] INFO  javax.sql.DataSource - URL : http://localhost:9090/admin/login,IP : 0:0:0:0:0:0:0:1,CLASS_METHOD : com.hjc.blog.controller.admin.AuthController.login,ARGS : []
2021-01-18 14:20:49.696 [http-nio-9090-exec-2] INFO  javax.sql.DataSource - RESPONSE : admin/login
2021-01-18 14:20:50.365 [http-nio-9090-exec-3] INFO  com.hjc.blog.interceptor.BaseInterceptor - UserAgent: Mozilla/5.0 (Macintosh; Intel Mac OS X 11_1_0) AppleWebKit/537.36 (KHTML, like Gecko) Chrome/87.0.4280.141 Safari/537.36
2021-01-18 14:20:50.365 [http-nio-9090-exec-4] INFO  com.hjc.blog.interceptor.BaseInterceptor - UserAgent: Mozilla/5.0 (Macintosh; Intel Mac OS X 11_1_0) AppleWebKit/537.36 (KHTML, like Gecko) Chrome/87.0.4280.141 Safari/537.36
2021-01-18 14:20:50.365 [http-nio-9090-exec-3] INFO  com.hjc.blog.interceptor.BaseInterceptor - 用户访问地址: /admin/css/style.min.css, 来路地址: 0:0:0:0:0:0:0:1
2021-01-18 14:20:50.365 [http-nio-9090-exec-4] INFO  com.hjc.blog.interceptor.BaseInterceptor - 用户访问地址: /admin/js/base.js, 来路地址: 0:0:0:0:0:0:0:1
2021-01-18 14:20:50.447 [http-nio-9090-exec-5] INFO  com.hjc.blog.interceptor.BaseInterceptor - UserAgent: Mozilla/5.0 (Macintosh; Intel Mac OS X 11_1_0) AppleWebKit/537.36 (KHTML, like Gecko) Chrome/87.0.4280.141 Safari/537.36
2021-01-18 14:20:50.447 [http-nio-9090-exec-5] INFO  com.hjc.blog.interceptor.BaseInterceptor - 用户访问地址: /admin/images/bg/2.png, 来路地址: 0:0:0:0:0:0:0:1
2021-01-18 14:20:50.448 [http-nio-9090-exec-6] INFO  com.hjc.blog.interceptor.BaseInterceptor - UserAgent: Mozilla/5.0 (Macintosh; Intel Mac OS X 11_1_0) AppleWebKit/537.36 (KHTML, like Gecko) Chrome/87.0.4280.141 Safari/537.36
2021-01-18 14:20:50.449 [http-nio-9090-exec-6] INFO  com.hjc.blog.interceptor.BaseInterceptor - 用户访问地址: /admin/images/small/bg.jpg, 来路地址: 0:0:0:0:0:0:0:1
2021-01-18 14:20:53.128 [http-nio-9090-exec-7] INFO  com.hjc.blog.interceptor.BaseInterceptor - UserAgent: Mozilla/5.0 (Macintosh; Intel Mac OS X 11_1_0) AppleWebKit/537.36 (KHTML, like Gecko) Chrome/87.0.4280.141 Safari/537.36
2021-01-18 14:20:53.128 [http-nio-9090-exec-7] INFO  com.hjc.blog.interceptor.BaseInterceptor - 用户访问地址: /admin/login, 来路地址: 0:0:0:0:0:0:0:1
2021-01-18 14:20:53.144 [http-nio-9090-exec-7] INFO  javax.sql.DataSource - URL : http://localhost:9090/admin/login,IP : 0:0:0:0:0:0:0:1,CLASS_METHOD : com.hjc.blog.controller.admin.AuthController.doLogin,ARGS : [hjc, 123, null, org.apache.catalina.connector.RequestFacade@24402d5, com.alibaba.druid.support.http.WebStatFilter$StatHttpServletResponseWrapper@433441ae]
2021-01-18 14:20:53.212 [http-nio-9090-exec-7] INFO  javax.sql.DataSource - RESPONSE : RestResponseBo(payload=null, success=true, msg=null, code=-1, timestamp=1610950853)
2021-01-18 14:20:53.246 [http-nio-9090-exec-8] INFO  com.hjc.blog.interceptor.BaseInterceptor - UserAgent: Mozilla/5.0 (Macintosh; Intel Mac OS X 11_1_0) AppleWebKit/537.36 (KHTML, like Gecko) Chrome/87.0.4280.141 Safari/537.36
2021-01-18 14:20:53.246 [http-nio-9090-exec-8] INFO  com.hjc.blog.interceptor.BaseInterceptor - 用户访问地址: /admin/index, 来路地址: 0:0:0:0:0:0:0:1
2021-01-18 14:20:53.247 [http-nio-9090-exec-8] INFO  javax.sql.DataSource - URL : http://localhost:9090/admin/index,IP : 0:0:0:0:0:0:0:1,CLASS_METHOD : com.hjc.blog.controller.admin.IndexController.index,ARGS : [org.apache.catalina.connector.RequestFacade@24402d5]
2021-01-18 14:20:53.253 [http-nio-9090-exec-8] INFO  com.hjc.blog.controller.admin.IndexController - Enter admin index method
2021-01-18 14:20:53.388 [http-nio-9090-exec-8] INFO  com.hjc.blog.controller.admin.IndexController - Exit admin index method
2021-01-18 14:20:53.396 [http-nio-9090-exec-8] INFO  javax.sql.DataSource - RESPONSE : admin/index
2021-01-18 14:20:53.549 [http-nio-9090-exec-10] INFO  com.hjc.blog.interceptor.BaseInterceptor - UserAgent: Mozilla/5.0 (Macintosh; Intel Mac OS X 11_1_0) AppleWebKit/537.36 (KHTML, like Gecko) Chrome/87.0.4280.141 Safari/537.36
2021-01-18 14:20:53.549 [http-nio-9090-exec-10] INFO  com.hjc.blog.interceptor.BaseInterceptor - 用户访问地址: /admin/images/logo.png, 来路地址: 0:0:0:0:0:0:0:1
2021-01-18 14:20:53.549 [http-nio-9090-exec-9] INFO  com.hjc.blog.interceptor.BaseInterceptor - UserAgent: Mozilla/5.0 (Macintosh; Intel Mac OS X 11_1_0) AppleWebKit/537.36 (KHTML, like Gecko) Chrome/87.0.4280.141 Safari/537.36
2021-01-18 14:20:53.555 [http-nio-9090-exec-9] INFO  com.hjc.blog.interceptor.BaseInterceptor - 用户访问地址: /admin/css/style.min.css, 来路地址: 0:0:0:0:0:0:0:1
2021-01-18 14:20:53.851 [http-nio-9090-exec-1] INFO  com.hjc.blog.interceptor.BaseInterceptor - UserAgent: Mozilla/5.0 (Macintosh; Intel Mac OS X 11_1_0) AppleWebKit/537.36 (KHTML, like Gecko) Chrome/87.0.4280.141 Safari/537.36
2021-01-18 14:20:53.851 [http-nio-9090-exec-1] INFO  com.hjc.blog.interceptor.BaseInterceptor - 用户访问地址: /admin/js/jquery.app.js, 来路地址: 0:0:0:0:0:0:0:1
2021-01-18 14:20:53.854 [http-nio-9090-exec-2] INFO  com.hjc.blog.interceptor.BaseInterceptor - UserAgent: Mozilla/5.0 (Macintosh; Intel Mac OS X 11_1_0) AppleWebKit/537.36 (KHTML, like Gecko) Chrome/87.0.4280.141 Safari/537.36
2021-01-18 14:20:53.854 [http-nio-9090-exec-2] INFO  com.hjc.blog.interceptor.BaseInterceptor - 用户访问地址: /admin/js/base.js, 来路地址: 0:0:0:0:0:0:0:1
2021-01-18 14:20:54.891 [http-nio-9090-exec-4] INFO  com.hjc.blog.interceptor.BaseInterceptor - UserAgent: Mozilla/5.0 (Macintosh; Intel Mac OS X 11_1_0) AppleWebKit/537.36 (KHTML, like Gecko) Chrome/87.0.4280.141 Safari/537.36
2021-01-18 14:20:54.892 [http-nio-9090-exec-4] INFO  com.hjc.blog.interceptor.BaseInterceptor - 用户访问地址: /admin/category, 来路地址: 0:0:0:0:0:0:0:1
2021-01-18 14:20:54.893 [http-nio-9090-exec-4] INFO  javax.sql.DataSource - URL : http://localhost:9090/admin/category,IP : 0:0:0:0:0:0:0:1,CLASS_METHOD : com.hjc.blog.controller.admin.CategoryController.index,ARGS : [org.apache.catalina.connector.RequestFacade@7037f914]
2021-01-18 14:21:12.870 [http-nio-9090-exec-4] INFO  javax.sql.DataSource - RESPONSE : admin/category
2021-01-18 14:21:12.967 [http-nio-9090-exec-3] INFO  com.hjc.blog.interceptor.BaseInterceptor - UserAgent: Mozilla/5.0 (Macintosh; Intel Mac OS X 11_1_0) AppleWebKit/537.36 (KHTML, like Gecko) Chrome/87.0.4280.141 Safari/537.36
2021-01-18 14:21:12.967 [http-nio-9090-exec-3] INFO  com.hjc.blog.interceptor.BaseInterceptor - 用户访问地址: /admin/css/style.min.css, 来路地址: 0:0:0:0:0:0:0:1
2021-01-18 14:21:13.014 [http-nio-9090-exec-6] INFO  com.hjc.blog.interceptor.BaseInterceptor - UserAgent: Mozilla/5.0 (Macintosh; Intel Mac OS X 11_1_0) AppleWebKit/537.36 (KHTML, like Gecko) Chrome/87.0.4280.141 Safari/537.36
2021-01-18 14:21:13.014 [http-nio-9090-exec-6] INFO  com.hjc.blog.interceptor.BaseInterceptor - 用户访问地址: /admin/js/jquery.app.js, 来路地址: 0:0:0:0:0:0:0:1
2021-01-18 14:21:13.016 [http-nio-9090-exec-5] INFO  com.hjc.blog.interceptor.BaseInterceptor - UserAgent: Mozilla/5.0 (Macintosh; Intel Mac OS X 11_1_0) AppleWebKit/537.36 (KHTML, like Gecko) Chrome/87.0.4280.141 Safari/537.36
2021-01-18 14:21:13.016 [http-nio-9090-exec-5] INFO  com.hjc.blog.interceptor.BaseInterceptor - 用户访问地址: /admin/js/base.js, 来路地址: 0:0:0:0:0:0:0:1
2021-01-18 14:21:13.020 [http-nio-9090-exec-7] INFO  com.hjc.blog.interceptor.BaseInterceptor - UserAgent: Mozilla/5.0 (Macintosh; Intel Mac OS X 11_1_0) AppleWebKit/537.36 (KHTML, like Gecko) Chrome/87.0.4280.141 Safari/537.36
2021-01-18 14:21:13.020 [http-nio-9090-exec-7] INFO  com.hjc.blog.interceptor.BaseInterceptor - 用户访问地址: /admin/images/logo.png, 来路地址: 0:0:0:0:0:0:0:1
2021-01-18 14:21:37.263 [SpringContextShutdownHook] INFO  o.s.scheduling.concurrent.ThreadPoolTaskExecutor - Shutting down ExecutorService 'applicationTaskExecutor'
2021-01-18 14:21:37.467 [SpringContextShutdownHook] INFO  com.alibaba.druid.pool.DruidDataSource - {dataSource-1} closed
